C:\Program Files (x86)\MSBuild\Microsoft.Cpp\v4.0\V140\Microsoft.CppBuild.targets(392,5): warning MSB8028: The intermediate directory (Debug\) contains files shared from another project (链表.vcxproj).  This can lead to incorrect clean and rebuild behavior.
  main.cpp
d:\shared\stltest\链表\链表\list.h(199): warning C4018: “<=”: 有符号/无符号不匹配
  d:\shared\stltest\链表\链表\list.h(197): note: 编译类 模板 成员函数“void linkList<int>::clear(void)”时
  d:\shared\stltest\链表\链表\list.h(18): note: 参见对正在编译的函数 模板 实例化“void linkList<int>::clear(void)”的引用
  d:\shared\stltest\链表\链表\main.cpp(8): note: 参见对正在编译的类 模板 实例化“linkList<int>”的引用
d:\shared\stltest\链表\链表\list.h(110): warning C4018: “<”: 有符号/无符号不匹配
  d:\shared\stltest\链表\链表\list.h(105): note: 编译类 模板 成员函数“ListNode<T> *linkList<T>::getListData(unsigned int)”时
          with
          [
              T=int
          ]
  d:\shared\stltest\链表\链表\list.h(85): note: 参见对正在编译的函数 模板 实例化“ListNode<T> *linkList<T>::getListData(unsigned int)”的引用
          with
          [
              T=int
          ]
  d:\shared\stltest\链表\链表\list.h(184): note: 编译类 模板 成员函数“unsigned int linkList<int>::getListSize(void)”时
  d:\shared\stltest\链表\链表\list.h(198): note: 参见对正在编译的函数 模板 实例化“unsigned int linkList<int>::getListSize(void)”的引用
  d:\shared\stltest\链表\链表\list.h(52): note: 编译类 模板 成员函数“void linkList<int>::push_back(int)”时
  d:\shared\stltest\链表\链表\main.cpp(10): note: 参见对正在编译的函数 模板 实例化“void linkList<int>::push_back(int)”的引用
d:\shared\stltest\链表\链表\list.h(102): warning C4715: “linkList<int>::eraseListNode”: 不是所有的控件路径都返回值
  链表.vcxproj -> D:\shared\stlTest\链表\链表\Debug\list.exe
  链表.vcxproj -> D:\shared\stlTest\链表\链表\Debug\list.pdb (Full PDB)
